(venv) venv➜  bike-race git:(main) ✗ pytest 
============================================================================================================================= test session starts ==============================================================================================================================
platform darwin -- Python 3.13.1, pytest-8.3.5, pluggy-1.5.0
django: version: 5.1.7, settings: tech_test.settings (from ini)
rootdir: /Users/nitishgautam/Desktop/code/test/bike-race
configfile: pytest.ini
plugins: django-4.10.0
collected 4 items                                                                                                                                                                                                                                                              

tests/test_models.py ....                                                                                                                                                                                                                                                [100%]

============================================================================================================================== 4 passed in 0.14s ===============================================================================================================================
(venv) venv➜  bike-race git:(main) ✗ 
